<?xml version="1.0" encoding="UTF-8"?>
<testsuite name="com.dandihara.book.springboot.web.HelloControllerTest" tests="2" skipped="0" failures="0" errors="0" timestamp="2021-11-01T07:03:21" hostname="LAPTOP-9QG0CR3P" time="0.189">
  <properties/>
  <testcase name="hello가_리턴된다" classname="com.dandihara.book.springboot.web.HelloControllerTest" time="0.086"/>
  <testcase name="helloDto가_리턴된다" classname="com.dandihara.book.springboot.web.HelloControllerTest" time="0.102"/>
  <system-out><![CDATA[2021-11-01 16:03:20.540  INFO 19528 --- [    Test worker] .b.t.a.w.s.WebMvcTestContextBootstrapper : Neither @ContextConfiguration nor @ContextHierarchy found for test class [com.dandihara.book.springboot.web.HelloControllerTest], using SpringBootContextLoader
2021-11-01 16:03:20.541  INFO 19528 --- [    Test worker] o.s.t.c.support.AbstractContextLoader    : Could not detect default resource locations for test class [com.dandihara.book.springboot.web.HelloControllerTest]: no resource found for suffixes {-context.xml, Context.groovy}.
2021-11-01 16:03:20.542  INFO 19528 --- [    Test worker] t.c.s.AnnotationConfigContextLoaderUtils : Could not detect default configuration classes for test class [com.dandihara.book.springboot.web.HelloControllerTest]: HelloControllerTest does not declare any static, non-private, non-final, nested classes annotated with @Configuration.
2021-11-01 16:03:20.570  INFO 19528 --- [    Test worker] .b.t.c.SpringBootTestContextBootstrapper : Found @SpringBootConfiguration com.dandihara.book.springboot.Application for test class com.dandihara.book.springboot.web.HelloControllerTest
2021-11-01 16:03:20.571  INFO 19528 --- [    Test worker] .b.t.a.w.s.WebMvcTestContextBootstrapper : Loaded default TestExecutionListener class names from location [META-INF/spring.factories]: [org.springframework.security.test.context.support.WithSecurityContextTestExecutionListener, org.springframework.security.test.context.support.ReactorContextTestExecutionListener, org.springframework.boot.test.autoconfigure.restdocs.RestDocsTestExecutionListener, org.springframework.boot.test.autoconfigure.web.client.MockRestServiceServerResetTestExecutionListener, org.springframework.boot.test.autoconfigure.web.servlet.MockMvcPrintOnlyOnFailureTestExecutionListener, org.springframework.boot.test.autoconfigure.web.servlet.WebDriverTestExecutionListener, org.springframework.boot.test.mock.mockito.MockitoTestExecutionListener, org.springframework.boot.test.mock.mockito.ResetMocksTestExecutionListener, org.springframework.test.context.web.ServletTestExecutionListener, org.springframework.test.context.support.DirtiesContextBeforeModesTestExecutionListener, org.springframework.test.context.support.DependencyInjectionTestExecutionListener, org.springframework.test.context.support.DirtiesContextTestExecutionListener, org.springframework.test.context.transaction.TransactionalTestExecutionListener, org.springframework.test.context.jdbc.SqlScriptsTestExecutionListener]
2021-11-01 16:03:20.576  INFO 19528 --- [    Test worker] .b.t.a.w.s.WebMvcTestContextBootstrapper : Using TestExecutionListeners: [org.springframework.test.context.web.ServletTestExecutionListener@92393ca, org.springframework.test.context.support.DirtiesContextBeforeModesTestExecutionListener@5c336721, org.springframework.boot.test.mock.mockito.MockitoTestExecutionListener@50b132ae, org.springframework.boot.test.autoconfigure.SpringBootDependencyInjectionTestExecutionListener@410a5558, org.springframework.test.context.support.DirtiesContextTestExecutionListener@54a22370, org.springframework.test.context.transaction.TransactionalTestExecutionListener@136f4caa, org.springframework.test.context.jdbc.SqlScriptsTestExecutionListener@4a12382b, org.springframework.security.test.context.support.WithSecurityContextTestExecutionListener@59a114a4, org.springframework.security.test.context.support.ReactorContextTestExecutionListener@1c5d1543, org.springframework.boot.test.autoconfigure.restdocs.RestDocsTestExecutionListener@75be107e, org.springframework.boot.test.autoconfigure.web.client.MockRestServiceServerResetTestExecutionListener@2e36ad82, org.springframework.boot.test.autoconfigure.web.servlet.MockMvcPrintOnlyOnFailureTestExecutionListener@7fe398d4, org.springframework.boot.test.autoconfigure.web.servlet.WebDriverTestExecutionListener@b607d66, org.springframework.boot.test.mock.mockito.ResetMocksTestExecutionListener@ed8b194]

  .   ____          _            __ _ _
 /\\ / ___'_ __ _ _(_)_ __  __ _ \ \ \ \
( ( )\___ | '_ | '_| | '_ \/ _` | \ \ \ \
 \\/  ___)| |_)| | | | | || (_| |  ) ) ) )
  '  |____| .__|_| |_|_| |_\__, | / / / /
 =========|_|==============|___/=/_/_/_/
 :: Spring Boot ::        (v2.1.7.RELEASE)

2021-11-01 16:03:20.616  INFO 19528 --- [    Test worker] c.d.b.s.web.HelloControllerTest          : Starting HelloControllerTest on LAPTOP-9QG0CR3P with PID 19528 (started by dandi in C:\Users\dandi\Desktop\toSurvive)
2021-11-01 16:03:20.617  INFO 19528 --- [    Test worker] c.d.b.s.web.HelloControllerTest          : No active profile set, falling back to default profiles: default
2021-11-01 16:03:21.181  INFO 19528 --- [    Test worker] o.s.s.concurrent.ThreadPoolTaskExecutor  : Initializing ExecutorService 'applicationTaskExecutor'
2021-11-01 16:03:21.229  INFO 19528 --- [    Test worker] o.s.b.a.w.s.WelcomePageHandlerMapping    : Adding welcome page template: index
2021-11-01 16:03:21.512  INFO 19528 --- [    Test worker] .s.s.UserDetailsServiceAutoConfiguration : 

Using generated security password: df4b85b3-f592-4009-b9c3-19b55995659d

2021-11-01 16:03:21.633  INFO 19528 --- [    Test worker] o.s.s.web.DefaultSecurityFilterChain     : Creating filter chain: any request, [org.springframework.security.web.context.request.async.WebAsyncManagerIntegrationFilter@79a40b13, org.springframework.security.web.context.SecurityContextPersistenceFilter@67bcc81, org.springframework.security.web.header.HeaderWriterFilter@6a98de08, org.springframework.security.web.csrf.CsrfFilter@531d7b64, org.springframework.security.web.authentication.logout.LogoutFilter@6ce7f810, org.springframework.security.web.authentication.UsernamePasswordAuthenticationFilter@5def6751, org.springframework.security.web.authentication.ui.DefaultLoginPageGeneratingFilter@2ab7e50e, org.springframework.security.web.authentication.ui.DefaultLogoutPageGeneratingFilter@3a72e1cd, org.springframework.security.web.authentication.www.BasicAuthenticationFilter@744b5137, org.springframework.security.web.savedrequest.RequestCacheAwareFilter@66067d0a, org.springframework.security.web.servletapi.SecurityContextHolderAwareRequestFilter@4ac2975c, org.springframework.security.web.authentication.AnonymousAuthenticationFilter@141ecd5d, org.springframework.security.web.session.SessionManagementFilter@52664e64, org.springframework.security.web.access.ExceptionTranslationFilter@33fa7cf8, org.springframework.security.web.access.intercept.FilterSecurityInterceptor@22de2356]
2021-11-01 16:03:21.668  INFO 19528 --- [    Test worker] o.s.b.t.m.w.SpringBootMockServletContext : Initializing Spring TestDispatcherServlet ''
2021-11-01 16:03:21.668  INFO 19528 --- [    Test worker] o.s.t.web.servlet.TestDispatcherServlet  : Initializing Servlet ''
2021-11-01 16:03:21.681  INFO 19528 --- [    Test worker] o.s.t.web.servlet.TestDispatcherServlet  : Completed initialization in 13 ms
2021-11-01 16:03:21.704  INFO 19528 --- [    Test worker] c.d.b.s.web.HelloControllerTest          : Started HelloControllerTest in 1.125 seconds (JVM running for 12.072)
]]></system-out>
  <system-err><![CDATA[]]></system-err>
</testsuite>
