<?xml version="1.0" encoding="UTF-8"?>
<testsuite name="com.dandihara.book.springboot.web.HelloControllerTest" tests="2" skipped="0" failures="0" errors="0" timestamp="2021-10-26T09:37:47" hostname="LAPTOP-9QG0CR3P" time="0.491">
  <properties/>
  <testcase name="hello가_리턴된다" classname="com.dandihara.book.springboot.web.HelloControllerTest" time="0.426"/>
  <testcase name="helloDto가_리턴된다" classname="com.dandihara.book.springboot.web.HelloControllerTest" time="0.064"/>
  <system-out><![CDATA[18:37:44.547 [Test worker] DEBUG org.springframework.test.context.junit4.SpringJUnit4ClassRunner - SpringJUnit4ClassRunner constructor called with [class com.dandihara.book.springboot.web.HelloControllerTest]
18:37:44.554 [Test worker] DEBUG org.springframework.test.context.BootstrapUtils - Instantiating CacheAwareContextLoaderDelegate from class [org.springframework.test.context.cache.DefaultCacheAwareContextLoaderDelegate]
18:37:44.563 [Test worker] DEBUG org.springframework.test.context.BootstrapUtils - Instantiating BootstrapContext using constructor [public org.springframework.test.context.support.DefaultBootstrapContext(java.lang.Class,org.springframework.test.context.CacheAwareContextLoaderDelegate)]
18:37:44.579 [Test worker] DEBUG org.springframework.test.context.BootstrapUtils - Instantiating TestContextBootstrapper for test class [com.dandihara.book.springboot.web.HelloControllerTest] from class [org.springframework.boot.test.autoconfigure.web.servlet.WebMvcTestContextBootstrapper]
18:37:44.598 [Test worker] INFO org.springframework.boot.test.autoconfigure.web.servlet.WebMvcTestContextBootstrapper - Neither @ContextConfiguration nor @ContextHierarchy found for test class [com.dandihara.book.springboot.web.HelloControllerTest], using SpringBootContextLoader
18:37:44.602 [Test worker] DEBUG org.springframework.test.context.support.AbstractContextLoader - Did not detect default resource location for test class [com.dandihara.book.springboot.web.HelloControllerTest]: class path resource [com/dandihara/book/springboot/web/HelloControllerTest-context.xml] does not exist
18:37:44.602 [Test worker] DEBUG org.springframework.test.context.support.AbstractContextLoader - Did not detect default resource location for test class [com.dandihara.book.springboot.web.HelloControllerTest]: class path resource [com/dandihara/book/springboot/web/HelloControllerTestContext.groovy] does not exist
18:37:44.603 [Test worker] INFO org.springframework.test.context.support.AbstractContextLoader - Could not detect default resource locations for test class [com.dandihara.book.springboot.web.HelloControllerTest]: no resource found for suffixes {-context.xml, Context.groovy}.
18:37:44.603 [Test worker] INFO org.springframework.test.context.support.AnnotationConfigContextLoaderUtils - Could not detect default configuration classes for test class [com.dandihara.book.springboot.web.HelloControllerTest]: HelloControllerTest does not declare any static, non-private, non-final, nested classes annotated with @Configuration.
18:37:44.674 [Test worker] DEBUG org.springframework.test.context.support.ActiveProfilesUtils - Could not find an 'annotation declaring class' for annotation type [org.springframework.test.context.ActiveProfiles] and class [com.dandihara.book.springboot.web.HelloControllerTest]
18:37:44.755 [Test worker] DEBUG org.springframework.context.annotation.ClassPathScanningCandidateComponentProvider - Identified candidate component class: file [C:\Users\dandi\Desktop\toSurvive\build\classes\java\main\com\dandihara\book\springboot\Application.class]
18:37:44.757 [Test worker] INFO org.springframework.boot.test.context.SpringBootTestContextBootstrapper - Found @SpringBootConfiguration com.dandihara.book.springboot.Application for test class com.dandihara.book.springboot.web.HelloControllerTest
18:37:44.759 [Test worker] DEBUG org.springframework.boot.test.autoconfigure.web.servlet.WebMvcTestContextBootstrapper - @TestExecutionListeners is not present for class [com.dandihara.book.springboot.web.HelloControllerTest]: using defaults.
18:37:44.760 [Test worker] INFO org.springframework.boot.test.autoconfigure.web.servlet.WebMvcTestContextBootstrapper - Loaded default TestExecutionListener class names from location [META-INF/spring.factories]: [org.springframework.security.test.context.support.WithSecurityContextTestExecutionListener, org.springframework.security.test.context.support.ReactorContextTestExecutionListener, org.springframework.boot.test.autoconfigure.restdocs.RestDocsTestExecutionListener, org.springframework.boot.test.autoconfigure.web.client.MockRestServiceServerResetTestExecutionListener, org.springframework.boot.test.autoconfigure.web.servlet.MockMvcPrintOnlyOnFailureTestExecutionListener, org.springframework.boot.test.autoconfigure.web.servlet.WebDriverTestExecutionListener, org.springframework.boot.test.mock.mockito.MockitoTestExecutionListener, org.springframework.boot.test.mock.mockito.ResetMocksTestExecutionListener, org.springframework.test.context.web.ServletTestExecutionListener, org.springframework.test.context.support.DirtiesContextBeforeModesTestExecutionListener, org.springframework.test.context.support.DependencyInjectionTestExecutionListener, org.springframework.test.context.support.DirtiesContextTestExecutionListener, org.springframework.test.context.transaction.TransactionalTestExecutionListener, org.springframework.test.context.jdbc.SqlScriptsTestExecutionListener]
18:37:44.784 [Test worker] INFO org.springframework.boot.test.autoconfigure.web.servlet.WebMvcTestContextBootstrapper - Using TestExecutionListeners: [org.springframework.test.context.web.ServletTestExecutionListener@459822b3, org.springframework.test.context.support.DirtiesContextBeforeModesTestExecutionListener@da5b22d, org.springframework.boot.test.mock.mockito.MockitoTestExecutionListener@48467901, org.springframework.boot.test.autoconfigure.SpringBootDependencyInjectionTestExecutionListener@4158f41a, org.springframework.test.context.support.DirtiesContextTestExecutionListener@4551db38, org.springframework.test.context.transaction.TransactionalTestExecutionListener@65453d65, org.springframework.test.context.jdbc.SqlScriptsTestExecutionListener@1e30cebd, org.springframework.security.test.context.support.WithSecurityContextTestExecutionListener@18ce0145, org.springframework.security.test.context.support.ReactorContextTestExecutionListener@538d817f, org.springframework.boot.test.autoconfigure.restdocs.RestDocsTestExecutionListener@1f6f307e, org.springframework.boot.test.autoconfigure.web.client.MockRestServiceServerResetTestExecutionListener@7325008, org.springframework.boot.test.autoconfigure.web.servlet.MockMvcPrintOnlyOnFailureTestExecutionListener@6f1ebd82, org.springframework.boot.test.autoconfigure.web.servlet.WebDriverTestExecutionListener@50a75f67, org.springframework.boot.test.mock.mockito.ResetMocksTestExecutionListener@362d69cd]
18:37:44.787 [Test worker] DEBUG org.springframework.test.annotation.ProfileValueUtils - Retrieved @ProfileValueSourceConfiguration [null] for test class [com.dandihara.book.springboot.web.HelloControllerTest]
18:37:44.788 [Test worker] DEBUG org.springframework.test.annotation.ProfileValueUtils - Retrieved ProfileValueSource type [class org.springframework.test.annotation.SystemProfileValueSource] for class [com.dandihara.book.springboot.web.HelloControllerTest]
18:37:44.788 [Test worker] DEBUG org.springframework.test.annotation.ProfileValueUtils - Retrieved @ProfileValueSourceConfiguration [null] for test class [com.dandihara.book.springboot.web.HelloControllerTest]
18:37:44.789 [Test worker] DEBUG org.springframework.test.annotation.ProfileValueUtils - Retrieved ProfileValueSource type [class org.springframework.test.annotation.SystemProfileValueSource] for class [com.dandihara.book.springboot.web.HelloControllerTest]
18:37:44.796 [Test worker] DEBUG org.springframework.test.context.support.AbstractDirtiesContextTestExecutionListener - Before test class: context [DefaultTestContext@354fe392 testClass = HelloControllerTest, testInstance = [null], testMethod = [null], testException = [null], mergedContextConfiguration = [WebMergedContextConfiguration@59cb996f testClass = HelloControllerTest, locations = '{}', classes = '{class com.dandihara.book.springboot.Application}', contextInitializerClasses = '[]', activeProfiles = '{}', propertySourceLocations = '{}', propertySourceProperties = '{org.springframework.boot.test.autoconfigure.web.servlet.WebMvcTestContextBootstrapper=true}', contextCustomizers = set[org.springframework.boot.test.autoconfigure.OverrideAutoConfigurationContextCustomizerFactory$DisableAutoConfigurationContextCustomizer@56e06f5c, org.springframework.boot.test.autoconfigure.filter.TypeExcludeFiltersContextCustomizer@b67989a7, org.springframework.boot.test.autoconfigure.properties.PropertyMappingContextCustomizer@a2ffb839, org.springframework.boot.test.autoconfigure.web.servlet.WebDriverContextCustomizerFactory$Customizer@7a82daad, [ImportsContextCustomizer@6d3464f7 key = [org.springframework.boot.autoconfigure.cache.CacheAutoConfiguration, org.springframework.boot.autoconfigure.context.MessageSourceAutoConfiguration, org.springframework.boot.autoconfigure.data.web.SpringDataWebAutoConfiguration, org.springframework.boot.autoconfigure.freemarker.FreeMarkerAutoConfiguration, org.springframework.boot.autoconfigure.groovy.template.GroovyTemplateAutoConfiguration, org.springframework.boot.autoconfigure.gson.GsonAutoConfiguration, org.springframework.boot.autoconfigure.hateoas.HypermediaAutoConfiguration, org.springframework.boot.autoconfigure.http.HttpMessageConvertersAutoConfiguration, org.springframework.boot.autoconfigure.jackson.JacksonAutoConfiguration, org.springframework.boot.autoconfigure.jsonb.JsonbAutoConfiguration, org.springframework.boot.autoconfigure.mustache.MustacheAutoConfiguration, org.springframework.boot.autoconfigure.task.TaskExecutionAutoConfiguration, org.springframework.boot.autoconfigure.thymeleaf.ThymeleafAutoConfiguration, org.springframework.boot.autoconfigure.validation.ValidationAutoConfiguration, org.springframework.boot.autoconfigure.web.servlet.error.ErrorMvcAutoConfiguration, org.springframework.boot.autoconfigure.web.servlet.WebMvcAutoConfiguration, org.springframework.boot.test.autoconfigure.web.servlet.MockMvcAutoConfiguration, org.springframework.boot.test.autoconfigure.web.servlet.MockMvcSecurityAutoConfiguration, org.springframework.boot.test.autoconfigure.web.servlet.MockMvcWebClientAutoConfiguration, org.springframework.boot.test.autoconfigure.web.servlet.MockMvcWebDriverAutoConfiguration]], org.springframework.boot.test.context.filter.ExcludeFilterContextCustomizer@1864071c, org.springframework.boot.test.json.DuplicateJsonObjectContextCustomizerFactory$DuplicateJsonObjectContextCustomizer@3a25e615, org.springframework.boot.test.mock.mockito.MockitoContextCustomizer@0], resourceBasePath = 'src/main/webapp', contextLoader = 'org.springframework.boot.test.context.SpringBootContextLoader', parent = [null]], attributes = map[[empty]]], class annotated with @DirtiesContext [false] with mode [null].
18:37:44.797 [Test worker] DEBUG org.springframework.test.annotation.ProfileValueUtils - Retrieved @ProfileValueSourceConfiguration [null] for test class [com.dandihara.book.springboot.web.HelloControllerTest]
18:37:44.798 [Test worker] DEBUG org.springframework.test.annotation.ProfileValueUtils - Retrieved ProfileValueSource type [class org.springframework.test.annotation.SystemProfileValueSource] for class [com.dandihara.book.springboot.web.HelloControllerTest]
18:37:44.804 [Test worker] DEBUG org.springframework.test.context.support.DependencyInjectionTestExecutionListener - Performing dependency injection for test context [[DefaultTestContext@354fe392 testClass = HelloControllerTest, testInstance = com.dandihara.book.springboot.web.HelloControllerTest@782d14e5, testMethod = [null], testException = [null], mergedContextConfiguration = [WebMergedContextConfiguration@59cb996f testClass = HelloControllerTest, locations = '{}', classes = '{class com.dandihara.book.springboot.Application}', contextInitializerClasses = '[]', activeProfiles = '{}', propertySourceLocations = '{}', propertySourceProperties = '{org.springframework.boot.test.autoconfigure.web.servlet.WebMvcTestContextBootstrapper=true}', contextCustomizers = set[org.springframework.boot.test.autoconfigure.OverrideAutoConfigurationContextCustomizerFactory$DisableAutoConfigurationContextCustomizer@56e06f5c, org.springframework.boot.test.autoconfigure.filter.TypeExcludeFiltersContextCustomizer@b67989a7, org.springframework.boot.test.autoconfigure.properties.PropertyMappingContextCustomizer@a2ffb839, org.springframework.boot.test.autoconfigure.web.servlet.WebDriverContextCustomizerFactory$Customizer@7a82daad, [ImportsContextCustomizer@6d3464f7 key = [org.springframework.boot.autoconfigure.cache.CacheAutoConfiguration, org.springframework.boot.autoconfigure.context.MessageSourceAutoConfiguration, org.springframework.boot.autoconfigure.data.web.SpringDataWebAutoConfiguration, org.springframework.boot.autoconfigure.freemarker.FreeMarkerAutoConfiguration, org.springframework.boot.autoconfigure.groovy.template.GroovyTemplateAutoConfiguration, org.springframework.boot.autoconfigure.gson.GsonAutoConfiguration, org.springframework.boot.autoconfigure.hateoas.HypermediaAutoConfiguration, org.springframework.boot.autoconfigure.http.HttpMessageConvertersAutoConfiguration, org.springframework.boot.autoconfigure.jackson.JacksonAutoConfiguration, org.springframework.boot.autoconfigure.jsonb.JsonbAutoConfiguration, org.springframework.boot.autoconfigure.mustache.MustacheAutoConfiguration, org.springframework.boot.autoconfigure.task.TaskExecutionAutoConfiguration, org.springframework.boot.autoconfigure.thymeleaf.ThymeleafAutoConfiguration, org.springframework.boot.autoconfigure.validation.ValidationAutoConfiguration, org.springframework.boot.autoconfigure.web.servlet.error.ErrorMvcAutoConfiguration, org.springframework.boot.autoconfigure.web.servlet.WebMvcAutoConfiguration, org.springframework.boot.test.autoconfigure.web.servlet.MockMvcAutoConfiguration, org.springframework.boot.test.autoconfigure.web.servlet.MockMvcSecurityAutoConfiguration, org.springframework.boot.test.autoconfigure.web.servlet.MockMvcWebClientAutoConfiguration, org.springframework.boot.test.autoconfigure.web.servlet.MockMvcWebDriverAutoConfiguration]], org.springframework.boot.test.context.filter.ExcludeFilterContextCustomizer@1864071c, org.springframework.boot.test.json.DuplicateJsonObjectContextCustomizerFactory$DuplicateJsonObjectContextCustomizer@3a25e615, org.springframework.boot.test.mock.mockito.MockitoContextCustomizer@0], resourceBasePath = 'src/main/webapp', contextLoader = 'org.springframework.boot.test.context.SpringBootContextLoader', parent = [null]], attributes = map[[empty]]]].
18:37:44.920 [Test worker] DEBUG org.springframework.test.context.support.TestPropertySourceUtils - Adding inlined properties to environment: {spring.jmx.enabled=false, org.springframework.boot.test.autoconfigure.web.servlet.WebMvcTestContextBootstrapper=true, server.port=-1}

  .   ____          _            __ _ _
 /\\ / ___'_ __ _ _(_)_ __  __ _ \ \ \ \
( ( )\___ | '_ | '_| | '_ \/ _` | \ \ \ \
 \\/  ___)| |_)| | | | | || (_| |  ) ) ) )
  '  |____| .__|_| |_|_| |_\__, | / / / /
 =========|_|==============|___/=/_/_/_/
 :: Spring Boot ::        (v2.1.7.RELEASE)

2021-10-26 18:37:45.199  INFO 20940 --- [    Test worker] c.d.b.s.web.HelloControllerTest          : Starting HelloControllerTest on LAPTOP-9QG0CR3P with PID 20940 (started by dandi in C:\Users\dandi\Desktop\toSurvive)
2021-10-26 18:37:45.202  INFO 20940 --- [    Test worker] c.d.b.s.web.HelloControllerTest          : No active profile set, falling back to default profiles: default
2021-10-26 18:37:46.657  INFO 20940 --- [    Test worker] o.s.s.concurrent.ThreadPoolTaskExecutor  : Initializing ExecutorService 'applicationTaskExecutor'
2021-10-26 18:37:46.751  INFO 20940 --- [    Test worker] o.s.b.a.w.s.WelcomePageHandlerMapping    : Adding welcome page template: index
2021-10-26 18:37:47.099  INFO 20940 --- [    Test worker] .s.s.UserDetailsServiceAutoConfiguration : 

Using generated security password: f9696cf3-275a-436f-aaed-99b087979be9

2021-10-26 18:37:47.335  INFO 20940 --- [    Test worker] o.s.s.web.DefaultSecurityFilterChain     : Creating filter chain: any request, [org.springframework.security.web.context.request.async.WebAsyncManagerIntegrationFilter@90bccda, org.springframework.security.web.context.SecurityContextPersistenceFilter@228bf5d9, org.springframework.security.web.header.HeaderWriterFilter@4a21fca0, org.springframework.security.web.csrf.CsrfFilter@5a91555a, org.springframework.security.web.authentication.logout.LogoutFilter@678c7a1b, org.springframework.security.web.authentication.UsernamePasswordAuthenticationFilter@ef301dd, org.springframework.security.web.authentication.ui.DefaultLoginPageGeneratingFilter@264daca, org.springframework.security.web.authentication.ui.DefaultLogoutPageGeneratingFilter@3000576d, org.springframework.security.web.authentication.www.BasicAuthenticationFilter@2589c724, org.springframework.security.web.savedrequest.RequestCacheAwareFilter@7b419ef, org.springframework.security.web.servletapi.SecurityContextHolderAwareRequestFilter@3729f54a, org.springframework.security.web.authentication.AnonymousAuthenticationFilter@38dc82f9, org.springframework.security.web.session.SessionManagementFilter@23cc6ecb, org.springframework.security.web.access.ExceptionTranslationFilter@287bb2f0, org.springframework.security.web.access.intercept.FilterSecurityInterceptor@367029bd]
2021-10-26 18:37:47.376  INFO 20940 --- [    Test worker] o.s.b.t.m.w.SpringBootMockServletContext : Initializing Spring TestDispatcherServlet ''
2021-10-26 18:37:47.376  INFO 20940 --- [    Test worker] o.s.t.web.servlet.TestDispatcherServlet  : Initializing Servlet ''
2021-10-26 18:37:47.393  INFO 20940 --- [    Test worker] o.s.t.web.servlet.TestDispatcherServlet  : Completed initialization in 17 ms
2021-10-26 18:37:47.451  INFO 20940 --- [    Test worker] c.d.b.s.web.HelloControllerTest          : Started HelloControllerTest in 2.523 seconds (JVM running for 3.654)
]]></system-out>
  <system-err><![CDATA[]]></system-err>
</testsuite>
